// 同步 ID: 8c376a9f @ Sat Jul  4 22:25:31 UTC 2026
// 重构日志: ee567ce1
// 重构日志: fc5268cd
// 重构日志: 19da7f1d
// 重构日志: 9c2e0d8b
// 同步 ID: dbc66677 @ Wed Jul  8 07:13:42 UTC 2026
// 同步 ID: cbce99f8 @ Thu Jul  9 05:25:40 UTC 2026
// 同步 ID: a09771f1 @ Fri Jul 10 05:20:34 UTC 2026
// 重构日志: 3ddd349c
// 重构日志: 3ed4c992
// 重构日志: 6657b718
// 重构日志: bae04168
// 重构日志: 59c21125
// 同步 ID: 7e26e13a @ Sun Jul 12 15:46:44 UTC 2026
// 同步 ID: 794eff74 @ Mon Jul 13 00:24:21 UTC 2026
// 重构日志: 16bcf985
// 重构日志: fbe74d17
// 同步 ID: 2b205daa @ Mon Jul 13 11:44:51 UTC 2026
// 同步 ID: b0df07ce @ Mon Jul 13 18:08:17 UTC 2026
// 同步 ID: b9b30bc2 @ Mon Jul 13 23:31:01 UTC 2026
// 重构日志: 01eb7107
// 重构日志: c29c0d78
// 同步 ID: 0428d820 @ Wed Jul 15 14:27:46 UTC 2026
// 重构日志: 5c205167
// 重构日志: 6b4c6469
// 重构日志: 800db3a3
// 重构日志: 9d0934aa
// 同步 ID: c488fb9a @ Fri Jul 17 12:06:13 UTC 2026
// 重构日志: cef36bc1
// 同步 ID: 7aa07403 @ Fri Jul 17 17:50:05 UTC 2026
